2021-01-01 18:50:58.123 [background-preinit] INFO  org.hibernate.validator.internal.util.Version:21 - HV000001: Hibernate Validator 6.1.6.Final
2021-01-01 18:50:58.417 [main] INFO  org.jeecg.JeecgSystemApplication:55 - Starting JeecgSystemApplication on LAPTOP-ZKS with PID 15020 (D:\SpringBoot\JeecgBoot\jeecg-boot\jeecg-boot\jeecg-boot-module-system\target\classes started by Lenovo in D:\SpringBoot\JeecgBoot\jeecg-boot\jeecg-boot)
2021-01-01 18:50:58.418 [main] INFO  org.jeecg.JeecgSystemApplication:655 - The following profiles are active: dev
2021-01-01 18:51:01.156 [main] INFO  o.s.d.r.config.RepositoryConfigurationDelegate:249 - Multiple Spring Data modules found, entering strict repository configuration mode!
2021-01-01 18:51:01.160 [main] INFO  o.s.d.r.config.RepositoryConfigurationDelegate:127 - Bootstrapping Spring Data Redis repositories in DEFAULT mode.
2021-01-01 18:51:01.334 [main] INFO  o.s.d.r.config.RepositoryConfigurationDelegate:187 - Finished Spring Data repository scanning in 149ms. Found 0 Redis repository interfaces.
2021-01-01 18:51:01.873 [main] INFO  o.s.c.s.PostProcessorRegistrationDelegate$BeanPostProcessorChecker:335 - Bean 'spring.redis-org.springframework.boot.autoconfigure.data.redis.RedisProperties' of type [org.springframework.boot.autoconfigure.data.redis.RedisProperties] is not eligible for getting processed by all BeanPostProcessors (for example: not eligible for auto-proxying)
2021-01-01 18:51:01.877 [main] INFO  o.s.c.s.PostProcessorRegistrationDelegate$BeanPostProcessorChecker:335 - Bean 'org.springframework.boot.autoconfigure.data.redis.LettuceConnectionConfiguration' of type [org.springframework.boot.autoconfigure.data.redis.LettuceConnectionConfiguration] is not eligible for getting processed by all BeanPostProcessors (for example: not eligible for auto-proxying)
2021-01-01 18:51:01.999 [main] INFO  o.s.c.s.PostProcessorRegistrationDelegate$BeanPostProcessorChecker:335 - Bean 'lettuceClientResources' of type [io.lettuce.core.resource.DefaultClientResources] is not eligible for getting processed by all BeanPostProcessors (for example: not eligible for auto-proxying)
2021-01-01 18:51:02.305 [main] INFO  o.s.c.s.PostProcessorRegistrationDelegate$BeanPostProcessorChecker:335 - Bean 'redisConnectionFactory' of type [org.springframework.data.redis.connection.lettuce.LettuceConnectionFactory] is not eligible for getting processed by all BeanPostProcessors (for example: not eligible for auto-proxying)
2021-01-01 18:51:02.308 [main] INFO  o.s.c.s.PostProcessorRegistrationDelegate$BeanPostProcessorChecker:335 - Bean 'shiroConfig' of type [org.jeecg.config.shiro.ShiroConfig$$EnhancerBySpringCGLIB$$6ad76df] is not eligible for getting processed by all BeanPostProcessors (for example: not eligible for auto-proxying)
2021-01-01 18:51:02.359 [main] INFO  o.s.c.s.PostProcessorRegistrationDelegate$BeanPostProcessorChecker:335 - Bean 'shiroRealm' of type [org.jeecg.config.shiro.ShiroRealm] is not eligible for getting processed by all BeanPostProcessors (for example: not eligible for auto-proxying)
2021-01-01 18:51:03.647 [main] INFO  org.jeecg.config.shiro.ShiroConfig:207 - ===============(1)创建缓存管理器RedisCacheManager
2021-01-01 18:51:03.649 [main] INFO  org.jeecg.config.shiro.ShiroConfig:225 - ===============(2)创建RedisManager,连接Redis..
2021-01-01 18:51:03.654 [main] INFO  o.s.c.s.PostProcessorRegistrationDelegate$BeanPostProcessorChecker:335 - Bean 'redisManager' of type [org.crazycake.shiro.RedisManager] is not eligible for getting processed by all BeanPostProcessors (for example: not eligible for auto-proxying)
2021-01-01 18:51:03.658 [main] INFO  o.s.c.s.PostProcessorRegistrationDelegate$BeanPostProcessorChecker:335 - Bean 'securityManager' of type [org.apache.shiro.web.mgt.DefaultWebSecurityManager] is not eligible for getting processed by all BeanPostProcessors (for example: not eligible for auto-proxying)
2021-01-01 18:51:03.697 [main] INFO  o.s.c.s.PostProcessorRegistrationDelegate$BeanPostProcessorChecker:335 - Bean 'authorizationAttributeSourceAdvisor' of type [org.apache.shiro.spring.security.interceptor.AuthorizationAttributeSourceAdvisor] is not eligible for getting processed by all BeanPostProcessors (for example: not eligible for auto-proxying)
2021-01-01 18:51:03.971 [main] INFO  o.s.c.s.PostProcessorRegistrationDelegate$BeanPostProcessorChecker:335 - Bean 'spring.datasource.dynamic-com.baomidou.dynamic.datasource.spring.boot.autoconfigure.DynamicDataSourceProperties' of type [com.baomidou.dynamic.datasource.spring.boot.autoconfigure.DynamicDataSourceProperties] is not eligible for getting processed by all BeanPostProcessors (for example: not eligible for auto-proxying)
2021-01-01 18:51:03.979 [main] INFO  o.s.c.s.PostProcessorRegistrationDelegate$BeanPostProcessorChecker:335 - Bean 'com.baomidou.dynamic.datasource.spring.boot.autoconfigure.DynamicDataSourceAutoConfiguration' of type [com.baomidou.dynamic.datasource.spring.boot.autoconfigure.DynamicDataSourceAutoConfiguration$$EnhancerBySpringCGLIB$$10ff9fb7] is not eligible for getting processed by all BeanPostProcessors (for example: not eligible for auto-proxying)
2021-01-01 18:51:03.988 [main] INFO  o.s.c.s.PostProcessorRegistrationDelegate$BeanPostProcessorChecker:335 - Bean 'dsProcessor' of type [com.baomidou.dynamic.datasource.processor.DsHeaderProcessor] is not eligible for getting processed by all BeanPostProcessors (for example: not eligible for auto-proxying)
2021-01-01 18:51:04.007 [main] INFO  o.s.c.s.PostProcessorRegistrationDelegate$BeanPostProcessorChecker:335 - Bean 'redisConfig' of type [org.jeecg.config.redis.RedisConfig$$EnhancerBySpringCGLIB$$7d9665f3] is not eligible for getting processed by all BeanPostProcessors (for example: not eligible for auto-proxying)
2021-01-01 18:51:04.053 [main] INFO  o.s.c.s.PostProcessorRegistrationDelegate$BeanPostProcessorChecker:335 - Bean 'org.apache.shiro.spring.boot.autoconfigure.ShiroBeanAutoConfiguration' of type [org.apache.shiro.spring.boot.autoconfigure.ShiroBeanAutoConfiguration$$EnhancerBySpringCGLIB$$ba8a0c96] is not eligible for getting processed by all BeanPostProcessors (for example: not eligible for auto-proxying)
2021-01-01 18:51:04.058 [main] INFO  o.s.c.s.PostProcessorRegistrationDelegate$BeanPostProcessorChecker:335 - Bean 'eventBus' of type [org.apache.shiro.event.support.DefaultEventBus] is not eligible for getting processed by all BeanPostProcessors (for example: not eligible for auto-proxying)
2021-01-01 18:51:04.697 [main] INFO  o.s.boot.web.embedded.tomcat.TomcatWebServer:108 - Tomcat initialized with port(s): 8080 (http)
2021-01-01 18:51:04.742 [main] INFO  org.apache.coyote.http11.Http11NioProtocol:173 - Initializing ProtocolHandler ["http-nio-8080"]
2021-01-01 18:51:04.743 [main] INFO  org.apache.catalina.core.StandardService:173 - Starting service [Tomcat]
2021-01-01 18:51:04.743 [main] INFO  org.apache.catalina.core.StandardEngine:173 - Starting Servlet engine: [Apache Tomcat/9.0.37]
2021-01-01 18:51:04.747 [main] INFO  org.apache.catalina.core.AprLifecycleListener:173 - Loaded Apache Tomcat Native library [1.2.24] using APR version [1.7.0].
2021-01-01 18:51:04.747 [main] INFO  org.apache.catalina.core.AprLifecycleListener:173 - APR capabilities: IPv6 [true], sendfile [true], accept filters [false], random [true].
2021-01-01 18:51:04.747 [main] INFO  org.apache.catalina.core.AprLifecycleListener:173 - APR/OpenSSL configuration: useAprConnector [false], useOpenSSL [true]
2021-01-01 18:51:04.823 [main] INFO  org.apache.catalina.core.AprLifecycleListener:173 - OpenSSL successfully initialized [OpenSSL 1.1.1g  21 Apr 2020]
2021-01-01 18:51:05.074 [main] INFO  o.a.c.c.C.[Tomcat].[localhost].[/jeecg-boot]:173 - Initializing Spring embedded WebApplicationContext
2021-01-01 18:51:05.075 [main] INFO  o.s.b.w.s.c.ServletWebServerApplicationContext:285 - Root WebApplicationContext: initialization completed in 6538 ms
2021-01-01 18:51:06.368 [main] INFO  com.alibaba.druid.pool.DruidDataSource:994 - {dataSource-1,master} inited
2021-01-01 18:51:06.369 [main] INFO  c.b.dynamic.datasource.DynamicRoutingDataSource:132 - dynamic-datasource - load a datasource named [master] success
2021-01-01 18:51:06.369 [main] INFO  c.b.dynamic.datasource.DynamicRoutingDataSource:237 - dynamic-datasource initial loaded [1] datasource,primary datasource named [master]
2021-01-01 18:51:09.423 [main] INFO  org.jeecg.config.redis.RedisConfig:66 -  --- redis config init --- 
2021-01-01 18:51:10.043 [main] INFO  org.quartz.impl.StdSchedulerFactory:1220 - Using default implementation for ThreadExecutor
2021-01-01 18:51:10.045 [main] INFO  org.quartz.simpl.SimpleThreadPool:268 - Job execution threads will use class loader of thread: main
2021-01-01 18:51:10.056 [main] INFO  org.quartz.core.SchedulerSignalerImpl:61 - Initialized Scheduler Signaller of type: class org.quartz.core.SchedulerSignalerImpl
2021-01-01 18:51:10.056 [main] INFO  org.quartz.core.QuartzScheduler:229 - Quartz Scheduler v.2.3.2 created.
2021-01-01 18:51:10.300 [main] INFO  o.s.scheduling.quartz.LocalDataSourceJobStore:672 - Using db table-based data access locking (synchronization).
2021-01-01 18:51:10.302 [main] INFO  o.s.scheduling.quartz.LocalDataSourceJobStore:145 - JobStoreCMT initialized.
2021-01-01 18:51:10.303 [main] INFO  org.quartz.core.QuartzScheduler:294 - Scheduler meta-data: Quartz Scheduler (v2.3.2) 'MyScheduler' with instanceId 'LAPTOP-ZKS1609498270044'
  Scheduler class: 'org.quartz.core.QuartzScheduler' - running locally.
  NOT STARTED.
  Currently in standby mode.
  Number of jobs executed: 0
  Using thread pool 'org.quartz.simpl.SimpleThreadPool' - with 10 threads.
  Using job-store 'org.springframework.scheduling.quartz.LocalDataSourceJobStore' - which supports persistence. and is clustered.

2021-01-01 18:51:10.304 [main] INFO  org.quartz.impl.StdSchedulerFactory:1374 - Quartz scheduler 'MyScheduler' initialized from an externally provided properties instance.
2021-01-01 18:51:10.304 [main] INFO  org.quartz.impl.StdSchedulerFactory:1378 - Quartz scheduler version: 2.3.2
2021-01-01 18:51:10.304 [main] INFO  org.quartz.core.QuartzScheduler:2293 - JobFactory set to: org.springframework.scheduling.quartz.SpringBeanJobFactory@af04f09
2021-01-01 18:51:13.039 [main] INFO  o.s.b.actuate.endpoint.web.EndpointLinksResolver:58 - Exposing 2 endpoint(s) beneath base path '/actuator'
2021-01-01 18:51:13.224 [main] INFO  s.d.s.w.PropertySourcedRequestMappingHandlerMapping:69 - Mapped URL path [/v2/api-docs] onto method [springfox.documentation.swagger2.web.Swagger2Controller#getDocumentation(String, HttpServletRequest)]
2021-01-01 18:51:13.526 [main] INFO  o.s.scheduling.concurrent.ThreadPoolTaskExecutor:181 - Initializing ExecutorService 'applicationTaskExecutor'
2021-01-01 18:51:14.075 [main] INFO  org.apache.coyote.http11.Http11NioProtocol:173 - Starting ProtocolHandler ["http-nio-8080"]
2021-01-01 18:51:14.103 [main] INFO  o.s.boot.web.embedded.tomcat.TomcatWebServer:220 - Tomcat started on port(s): 8080 (http) with context path '/jeecg-boot'
2021-01-01 18:51:14.104 [main] INFO  s.d.s.web.plugins.DocumentationPluginsBootstrapper:160 - Context refreshed
2021-01-01 18:51:14.120 [main] INFO  s.d.s.web.plugins.DocumentationPluginsBootstrapper:163 - Found 1 custom documentation plugin(s)
2021-01-01 18:51:14.191 [main] INFO  s.d.spring.web.scanners.ApiListingReferenceScanner:41 - Scanning for api listing references
2021-01-01 18:51:14.434 [main] INFO  s.d.s.w.r.operation.CachingOperationNameGenerator:40 - Generating unique operation named: addUsingPOST_1
2021-01-01 18:51:14.436 [main] INFO  s.d.s.w.r.operation.CachingOperationNameGenerator:40 - Generating unique operation named: deleteUsingDELETE_1
2021-01-01 18:51:14.438 [main] INFO  s.d.s.w.r.operation.CachingOperationNameGenerator:40 - Generating unique operation named: deleteBatchUsingDELETE_1
2021-01-01 18:51:14.440 [main] INFO  s.d.s.w.r.operation.CachingOperationNameGenerator:40 - Generating unique operation named: editUsingPUT_1
2021-01-01 18:51:14.442 [main] INFO  s.d.s.w.r.operation.CachingOperationNameGenerator:40 - Generating unique operation named: queryByIdUsingGET_1
2021-01-01 18:51:14.455 [main] INFO  s.d.s.w.r.operation.CachingOperationNameGenerator:40 - Generating unique operation named: addUsingPOST_2
2021-01-01 18:51:14.458 [main] INFO  s.d.s.w.r.operation.CachingOperationNameGenerator:40 - Generating unique operation named: deleteUsingDELETE_2
2021-01-01 18:51:14.460 [main] INFO  s.d.s.w.r.operation.CachingOperationNameGenerator:40 - Generating unique operation named: deleteBatchUsingDELETE_2
2021-01-01 18:51:14.462 [main] INFO  s.d.s.w.r.operation.CachingOperationNameGenerator:40 - Generating unique operation named: editUsingPUT_2
2021-01-01 18:51:14.464 [main] INFO  s.d.s.w.r.operation.CachingOperationNameGenerator:40 - Generating unique operation named: queryByIdUsingGET_2
2021-01-01 18:51:14.469 [main] INFO  s.d.s.w.r.operation.CachingOperationNameGenerator:40 - Generating unique operation named: queryPageListUsingGET_1
2021-01-01 18:51:14.476 [main] INFO  s.d.s.w.r.operation.CachingOperationNameGenerator:40 - Generating unique operation named: addUsingPOST_3
2021-01-01 18:51:14.478 [main] INFO  s.d.s.w.r.operation.CachingOperationNameGenerator:40 - Generating unique operation named: deleteUsingDELETE_3
2021-01-01 18:51:14.479 [main] INFO  s.d.s.w.r.operation.CachingOperationNameGenerator:40 - Generating unique operation named: deleteBatchUsingDELETE_3
2021-01-01 18:51:14.481 [main] INFO  s.d.s.w.r.operation.CachingOperationNameGenerator:40 - Generating unique operation named: editUsingPUT_3
2021-01-01 18:51:14.483 [main] INFO  s.d.s.w.r.operation.CachingOperationNameGenerator:40 - Generating unique operation named: queryByIdUsingGET_3
2021-01-01 18:51:14.488 [main] INFO  s.d.s.w.r.operation.CachingOperationNameGenerator:40 - Generating unique operation named: queryPageListUsingGET_2
2021-01-01 18:51:14.494 [main] INFO  s.d.s.w.r.operation.CachingOperationNameGenerator:40 - Generating unique operation named: addUsingPOST_4
2021-01-01 18:51:14.496 [main] INFO  s.d.s.w.r.operation.CachingOperationNameGenerator:40 - Generating unique operation named: deleteUsingDELETE_4
2021-01-01 18:51:14.497 [main] INFO  s.d.s.w.r.operation.CachingOperationNameGenerator:40 - Generating unique operation named: deleteBatchUsingDELETE_4
2021-01-01 18:51:14.499 [main] INFO  s.d.s.w.r.operation.CachingOperationNameGenerator:40 - Generating unique operation named: editUsingPUT_4
2021-01-01 18:51:14.501 [main] INFO  s.d.s.w.r.operation.CachingOperationNameGenerator:40 - Generating unique operation named: queryByIdUsingGET_4
2021-01-01 18:51:14.505 [main] INFO  s.d.s.w.r.operation.CachingOperationNameGenerator:40 - Generating unique operation named: queryPageListUsingGET_3
2021-01-01 18:51:14.512 [main] INFO  s.d.s.w.r.operation.CachingOperationNameGenerator:40 - Generating unique operation named: addUsingPOST_5
2021-01-01 18:51:14.513 [main] INFO  s.d.s.w.r.operation.CachingOperationNameGenerator:40 - Generating unique operation named: deleteUsingDELETE_5
2021-01-01 18:51:14.515 [main] INFO  s.d.s.w.r.operation.CachingOperationNameGenerator:40 - Generating unique operation named: deleteBatchUsingDELETE_5
2021-01-01 18:51:14.517 [main] INFO  s.d.s.w.r.operation.CachingOperationNameGenerator:40 - Generating unique operation named: editUsingPUT_5
2021-01-01 18:51:14.518 [main] INFO  s.d.s.w.r.operation.CachingOperationNameGenerator:40 - Generating unique operation named: queryByIdUsingGET_5
2021-01-01 18:51:14.523 [main] INFO  s.d.s.w.r.operation.CachingOperationNameGenerator:40 - Generating unique operation named: queryPageListUsingGET_4
2021-01-01 18:51:14.529 [main] INFO  s.d.s.w.r.operation.CachingOperationNameGenerator:40 - Generating unique operation named: addUsingPOST_6
2021-01-01 18:51:14.530 [main] INFO  s.d.s.w.r.operation.CachingOperationNameGenerator:40 - Generating unique operation named: deleteUsingDELETE_6
2021-01-01 18:51:14.532 [main] INFO  s.d.s.w.r.operation.CachingOperationNameGenerator:40 - Generating unique operation named: deleteBatchUsingDELETE_6
2021-01-01 18:51:14.533 [main] INFO  s.d.s.w.r.operation.CachingOperationNameGenerator:40 - Generating unique operation named: editUsingPUT_6
2021-01-01 18:51:14.535 [main] INFO  s.d.s.w.r.operation.CachingOperationNameGenerator:40 - Generating unique operation named: queryByIdUsingGET_6
2021-01-01 18:51:14.539 [main] INFO  s.d.s.w.r.operation.CachingOperationNameGenerator:40 - Generating unique operation named: queryPageListUsingGET_5
2021-01-01 18:51:14.550 [main] INFO  s.d.s.w.r.operation.CachingOperationNameGenerator:40 - Generating unique operation named: addUsingPOST_7
2021-01-01 18:51:14.551 [main] INFO  s.d.s.w.r.operation.CachingOperationNameGenerator:40 - Generating unique operation named: deleteUsingDELETE_7
2021-01-01 18:51:14.553 [main] INFO  s.d.s.w.r.operation.CachingOperationNameGenerator:40 - Generating unique operation named: deleteBatchUsingDELETE_7
2021-01-01 18:51:14.554 [main] INFO  s.d.s.w.r.operation.CachingOperationNameGenerator:40 - Generating unique operation named: editUsingPUT_7
2021-01-01 18:51:14.557 [main] INFO  s.d.s.w.r.operation.CachingOperationNameGenerator:40 - Generating unique operation named: queryByIdUsingGET_7
2021-01-01 18:51:14.565 [main] INFO  s.d.s.w.r.operation.CachingOperationNameGenerator:40 - Generating unique operation named: queryPageListUsingGET_6
2021-01-01 18:51:14.577 [main] INFO  o.s.scheduling.quartz.SchedulerFactoryBean:727 - Starting Quartz Scheduler now
2021-01-01 18:51:15.149 [main] INFO  o.s.scheduling.quartz.LocalDataSourceJobStore:3644 - ClusterManager: detected 1 failed or restarted instances.
2021-01-01 18:51:15.150 [main] INFO  o.s.scheduling.quartz.LocalDataSourceJobStore:3503 - ClusterManager: Scanning for instance "LAPTOP-ZKS1609165545219"'s failed in-progress jobs.
2021-01-01 18:51:15.206 [main] INFO  org.quartz.core.QuartzScheduler:547 - Scheduler MyScheduler_$_LAPTOP-ZKS1609498270044 started.
2021-01-01 18:51:15.223 [main] INFO  org.jeecg.JeecgSystemApplication:61 - Started JeecgSystemApplication in 18.378 seconds (JVM running for 19.582)
2021-01-01 18:51:15.229 [main] INFO  org.jeecg.modules.init.SystemInitListener:27 -  服务已启动，准备初始化路由配置 ###################
2021-01-01 18:51:16.753 [main] INFO  org.jeecg.JeecgSystemApplication:39 - 
----------------------------------------------------------
	Application Jeecg-Boot is running! Access URLs:
	Local: 		http://localhost:8080/jeecg-boot/
	External: 	http://192.168.2.1:8080/jeecg-boot/
	Swagger文档: 	http://192.168.2.1:8080/jeecg-boot/doc.html
----------------------------------------------------------
2021-01-01 18:52:05.085 [http-nio-8080-exec-2] INFO  o.a.c.c.C.[Tomcat].[localhost].[/jeecg-boot]:173 - Initializing Spring DispatcherServlet 'dispatcherServlet'
2021-01-01 18:52:05.091 [http-nio-8080-exec-2] INFO  org.springframework.web.servlet.DispatcherServlet:525 - Initializing Servlet 'dispatcherServlet'
2021-01-01 18:52:05.217 [http-nio-8080-exec-2] INFO  org.springframework.web.servlet.DispatcherServlet:547 - Completed initialization in 124 ms
2021-01-01 18:52:05.840 [http-nio-8080-exec-1] ERROR o.a.c.c.C.[.[.[/jeecg-boot].[dispatcherServlet]:175 - Servlet.service() for servlet [dispatcherServlet] in context with path [/jeecg-boot] threw exception [org.apache.shiro.authc.AuthenticationException: Token失效，请重新登录] with root cause
org.apache.shiro.authc.AuthenticationException: Token失效，请重新登录!
	at org.jeecg.config.shiro.ShiroRealm.checkUserTokenIsEffect(ShiroRealm.java:127)
	at org.jeecg.config.shiro.ShiroRealm.doGetAuthenticationInfo(ShiroRealm.java:99)
	at org.apache.shiro.realm.AuthenticatingRealm.getAuthenticationInfo(AuthenticatingRealm.java:571)
	at org.apache.shiro.authc.pam.ModularRealmAuthenticator.doSingleRealmAuthentication(ModularRealmAuthenticator.java:180)
	at org.apache.shiro.authc.pam.ModularRealmAuthenticator.doAuthenticate(ModularRealmAuthenticator.java:273)
	at org.apache.shiro.authc.AbstractAuthenticator.authenticate(AbstractAuthenticator.java:198)
	at org.apache.shiro.mgt.AuthenticatingSecurityManager.authenticate(AuthenticatingSecurityManager.java:106)
	at org.apache.shiro.mgt.DefaultSecurityManager.login(DefaultSecurityManager.java:275)
	at org.apache.shiro.subject.support.DelegatingSubject.login(DelegatingSubject.java:260)
	at org.jeecg.config.shiro.filters.JwtFilter.executeLogin(JwtFilter.java:60)
	at org.jeecg.config.shiro.filters.JwtFilter.isAccessAllowed(JwtFilter.java:43)
	at org.apache.shiro.web.filter.AccessControlFilter.onPreHandle(AccessControlFilter.java:162)
	at org.apache.shiro.web.filter.PathMatchingFilter.isFilterChainContinued(PathMatchingFilter.java:214)
	at org.apache.shiro.web.filter.PathMatchingFilter.preHandle(PathMatchingFilter.java:189)
	at org.jeecg.config.shiro.filters.JwtFilter.preHandle(JwtFilter.java:90)
	at org.apache.shiro.web.servlet.AdviceFilter.doFilterInternal(AdviceFilter.java:131)
	at org.apache.shiro.web.servlet.OncePerRequestFilter.doFilter(OncePerRequestFilter.java:125)
	at org.apache.shiro.web.servlet.ProxiedFilterChain.doFilter(ProxiedFilterChain.java:66)
	at org.apache.shiro.web.servlet.AdviceFilter.executeChain(AdviceFilter.java:108)
	at org.apache.shiro.web.servlet.AdviceFilter.doFilterInternal(AdviceFilter.java:137)
	at org.apache.shiro.web.servlet.OncePerRequestFilter.doFilter(OncePerRequestFilter.java:125)
	at org.apache.shiro.web.servlet.ProxiedFilterChain.doFilter(ProxiedFilterChain.java:66)
	at org.apache.shiro.web.servlet.AbstractShiroFilter.executeChain(AbstractShiroFilter.java:450)
	at org.apache.shiro.web.servlet.AbstractShiroFilter$1.call(AbstractShiroFilter.java:365)
	at org.apache.shiro.subject.support.SubjectCallable.doCall(SubjectCallable.java:90)
	at org.apache.shiro.subject.support.SubjectCallable.call(SubjectCallable.java:83)
	at org.apache.shiro.subject.support.DelegatingSubject.execute(DelegatingSubject.java:387)
	at org.apache.shiro.web.servlet.AbstractShiroFilter.doFilterInternal(AbstractShiroFilter.java:362)
	at org.apache.shiro.web.servlet.OncePerRequestFilter.doFilter(OncePerRequestFilter.java:125)
	at org.apache.catalina.core.ApplicationFilterChain.internalDoFilter(ApplicationFilterChain.java:193)
	at org.apache.catalina.core.ApplicationFilterChain.doFilter(ApplicationFilterChain.java:166)
	at org.springframework.web.filter.CorsFilter.doFilterInternal(CorsFilter.java:92)
	at org.springframework.web.filter.OncePerRequestFilter.doFilter(OncePerRequestFilter.java:119)
	at org.apache.catalina.core.ApplicationFilterChain.internalDoFilter(ApplicationFilterChain.java:193)
	at org.apache.catalina.core.ApplicationFilterChain.doFilter(ApplicationFilterChain.java:166)
	at com.github.xiaoymin.knife4j.spring.filter.ProductionSecurityFilter.doFilter(ProductionSecurityFilter.java:53)
	at org.apache.catalina.core.ApplicationFilterChain.internalDoFilter(ApplicationFilterChain.java:193)
	at org.apache.catalina.core.ApplicationFilterChain.doFilter(ApplicationFilterChain.java:166)
	at com.github.xiaoymin.knife4j.spring.filter.SecurityBasicAuthFilter.doFilter(SecurityBasicAuthFilter.java:90)
	at org.apache.catalina.core.ApplicationFilterChain.internalDoFilter(ApplicationFilterChain.java:193)
	at org.apache.catalina.core.ApplicationFilterChain.doFilter(ApplicationFilterChain.java:166)
	at com.alibaba.druid.support.http.WebStatFilter.doFilter(WebStatFilter.java:124)
	at org.apache.catalina.core.ApplicationFilterChain.internalDoFilter(ApplicationFilterChain.java:193)
	at org.apache.catalina.core.ApplicationFilterChain.doFilter(ApplicationFilterChain.java:166)
	at org.springframework.boot.actuate.web.trace.servlet.HttpTraceFilter.doFilterInternal(HttpTraceFilter.java:88)
	at org.springframework.web.filter.OncePerRequestFilter.doFilter(OncePerRequestFilter.java:119)
	at org.apache.catalina.core.ApplicationFilterChain.internalDoFilter(ApplicationFilterChain.java:193)
	at org.apache.catalina.core.ApplicationFilterChain.doFilter(ApplicationFilterChain.java:166)
	at org.springframework.web.filter.RequestContextFilter.doFilterInternal(RequestContextFilter.java:100)
	at org.springframework.web.filter.OncePerRequestFilter.doFilter(OncePerRequestFilter.java:119)
	at org.apache.catalina.core.ApplicationFilterChain.internalDoFilter(ApplicationFilterChain.java:193)
	at org.apache.catalina.core.ApplicationFilterChain.doFilter(ApplicationFilterChain.java:166)
	at org.springframework.web.filter.FormContentFilter.doFilterInternal(FormContentFilter.java:93)
	at org.springframework.web.filter.OncePerRequestFilter.doFilter(OncePerRequestFilter.java:119)
	at org.apache.catalina.core.ApplicationFilterChain.internalDoFilter(ApplicationFilterChain.java:193)
	at org.apache.catalina.core.ApplicationFilterChain.doFilter(ApplicationFilterChain.java:166)
	at org.springframework.boot.actuate.metrics.web.servlet.WebMvcMetricsFilter.doFilterInternal(WebMvcMetricsFilter.java:93)
	at org.springframework.web.filter.OncePerRequestFilter.doFilter(OncePerRequestFilter.java:119)
	at org.apache.catalina.core.ApplicationFilterChain.internalDoFilter(ApplicationFilterChain.java:193)
	at org.apache.catalina.core.ApplicationFilterChain.doFilter(ApplicationFilterChain.java:166)
	at org.springframework.web.filter.CharacterEncodingFilter.doFilterInternal(CharacterEncodingFilter.java:201)
	at org.springframework.web.filter.OncePerRequestFilter.doFilter(OncePerRequestFilter.java:119)
	at org.apache.catalina.core.ApplicationFilterChain.internalDoFilter(ApplicationFilterChain.java:193)
	at org.apache.catalina.core.ApplicationFilterChain.doFilter(ApplicationFilterChain.java:166)
	at org.apache.catalina.core.StandardWrapperValve.invoke(StandardWrapperValve.java:202)
	at org.apache.catalina.core.StandardContextValve.invoke(StandardContextValve.java:96)
	at org.apache.catalina.authenticator.AuthenticatorBase.invoke(AuthenticatorBase.java:541)
	at org.apache.catalina.core.StandardHostValve.invoke(StandardHostValve.java:139)
	at org.apache.catalina.valves.ErrorReportValve.invoke(ErrorReportValve.java:92)
	at org.apache.catalina.core.StandardEngineValve.invoke(StandardEngineValve.java:74)
	at org.apache.catalina.connector.CoyoteAdapter.service(CoyoteAdapter.java:343)
	at org.apache.coyote.http11.Http11Processor.service(Http11Processor.java:373)
	at org.apache.coyote.AbstractProcessorLight.process(AbstractProcessorLight.java:65)
	at org.apache.coyote.AbstractProtocol$ConnectionHandler.process(AbstractProtocol.java:868)
	at org.apache.tomcat.util.net.NioEndpoint$SocketProcessor.doRun(NioEndpoint.java:1589)
	at org.apache.tomcat.util.net.SocketProcessorBase.run(SocketProcessorBase.java:49)
	at java.util.concurrent.ThreadPoolExecutor.runWorker(ThreadPoolExecutor.java:1149)
	at java.util.concurrent.ThreadPoolExecutor$Worker.run(ThreadPoolExecutor.java:624)
	at org.apache.tomcat.util.threads.TaskThread$WrappingRunnable.run(TaskThread.java:61)
	at java.lang.Thread.run(Thread.java:748)
2021-01-01 18:52:06.687 [http-nio-8080-exec-4] INFO  o.jeecg.modules.system.controller.LoginController:139 -  用户名:  管理员,退出成功！ 
2021-01-01 18:52:21.460 [http-nio-8080-exec-1] INFO  org.jeecg.modules.message.websocket.WebSocket:42 - 【websocket消息】有新的连接，总数为:1
2021-01-01 18:54:02.991 [http-nio-8080-exec-10] INFO  org.jeecg.common.system.query.QueryGenerator:458 - --查询规则-->copy_type = 0
2021-01-01 18:54:24.643 [http-nio-8080-exec-10] INFO  org.jeecg.common.system.query.QueryGenerator:458 - --查询规则-->copy_type = 0
2021-01-01 18:54:31.140 [http-nio-8080-exec-1] INFO  org.jeecg.modules.online.config.b.d:216 - 数据库表：【student】已存在
2021-01-01 18:54:31.142 [http-nio-8080-exec-1] INFO  org.jeecg.modules.online.cgform.service.impl.d:298 - ==判断表是否存在消耗时间56毫秒
2021-01-01 18:54:31.170 [http-nio-8080-exec-1] INFO  org.jeecg.modules.online.config.b.c:345 - getColumnMetadataFormDataBase --->COLUMN_NAME:ID TYPE_NAME :VARCHAR DECIMAL_DIGITS:0 COLUMN_SIZE:36
2021-01-01 18:54:31.170 [http-nio-8080-exec-1] INFO  org.jeecg.modules.online.config.b.c:345 - getColumnMetadataFormDataBase --->COLUMN_NAME:CREATE_BY TYPE_NAME :VARCHAR DECIMAL_DIGITS:0 COLUMN_SIZE:50
2021-01-01 18:54:31.170 [http-nio-8080-exec-1] INFO  org.jeecg.modules.online.config.b.c:345 - getColumnMetadataFormDataBase --->COLUMN_NAME:CREATE_TIME TYPE_NAME :DATETIME DECIMAL_DIGITS:0 COLUMN_SIZE:19
2021-01-01 18:54:31.171 [http-nio-8080-exec-1] INFO  org.jeecg.modules.online.config.b.c:345 - getColumnMetadataFormDataBase --->COLUMN_NAME:UPDATE_BY TYPE_NAME :VARCHAR DECIMAL_DIGITS:0 COLUMN_SIZE:50
2021-01-01 18:54:31.171 [http-nio-8080-exec-1] INFO  org.jeecg.modules.online.config.b.c:345 - getColumnMetadataFormDataBase --->COLUMN_NAME:UPDATE_TIME TYPE_NAME :DATETIME DECIMAL_DIGITS:0 COLUMN_SIZE:19
2021-01-01 18:54:31.171 [http-nio-8080-exec-1] INFO  org.jeecg.modules.online.config.b.c:345 - getColumnMetadataFormDataBase --->COLUMN_NAME:SYS_ORG_CODE TYPE_NAME :VARCHAR DECIMAL_DIGITS:0 COLUMN_SIZE:64
2021-01-01 18:54:31.171 [http-nio-8080-exec-1] INFO  org.jeecg.modules.online.config.b.c:345 - getColumnMetadataFormDataBase --->COLUMN_NAME:STU_NAME TYPE_NAME :VARCHAR DECIMAL_DIGITS:0 COLUMN_SIZE:32
2021-01-01 18:54:31.172 [http-nio-8080-exec-1] INFO  org.jeecg.modules.online.config.b.c:345 - getColumnMetadataFormDataBase --->COLUMN_NAME:STU_ADDRES TYPE_NAME :VARCHAR DECIMAL_DIGITS:0 COLUMN_SIZE:32
2021-01-01 18:54:31.172 [http-nio-8080-exec-1] INFO  org.jeecg.modules.online.config.b.c:345 - getColumnMetadataFormDataBase --->COLUMN_NAME:SEX TYPE_NAME :VARCHAR DECIMAL_DIGITS:0 COLUMN_SIZE:2
2021-01-01 18:54:31.172 [http-nio-8080-exec-1] INFO  org.jeecg.modules.online.config.b.c:345 - getColumnMetadataFormDataBase --->COLUMN_NAME:AGE TYPE_NAME :INT DECIMAL_DIGITS:0 COLUMN_SIZE:10
2021-01-01 18:54:31.172 [http-nio-8080-exec-1] INFO  org.jeecg.modules.online.config.b.c:345 - getColumnMetadataFormDataBase --->COLUMN_NAME:TEL TYPE_NAME :VARCHAR DECIMAL_DIGITS:0 COLUMN_SIZE:32
2021-01-01 18:54:31.173 [http-nio-8080-exec-1] INFO  org.jeecg.modules.online.config.b.c:375 - getColumnMetadataFormCgForm ----> DbFieldName: id | DbType: string | DbPointLength:0 | DbLength:36
2021-01-01 18:54:31.173 [http-nio-8080-exec-1] INFO  org.jeecg.modules.online.config.b.c:375 - getColumnMetadataFormCgForm ----> DbFieldName: create_by | DbType: string | DbPointLength:0 | DbLength:50
2021-01-01 18:54:31.173 [http-nio-8080-exec-1] INFO  org.jeecg.modules.online.config.b.c:375 - getColumnMetadataFormCgForm ----> DbFieldName: create_time | DbType: date | DbPointLength:0 | DbLength:20
2021-01-01 18:54:31.174 [http-nio-8080-exec-1] INFO  org.jeecg.modules.online.config.b.c:375 - getColumnMetadataFormCgForm ----> DbFieldName: update_by | DbType: string | DbPointLength:0 | DbLength:50
2021-01-01 18:54:31.174 [http-nio-8080-exec-1] INFO  org.jeecg.modules.online.config.b.c:375 - getColumnMetadataFormCgForm ----> DbFieldName: update_time | DbType: date | DbPointLength:0 | DbLength:20
2021-01-01 18:54:31.174 [http-nio-8080-exec-1] INFO  org.jeecg.modules.online.config.b.c:375 - getColumnMetadataFormCgForm ----> DbFieldName: sys_org_code | DbType: string | DbPointLength:0 | DbLength:64
2021-01-01 18:54:31.175 [http-nio-8080-exec-1] INFO  org.jeecg.modules.online.config.b.c:375 - getColumnMetadataFormCgForm ----> DbFieldName: stu_name | DbType: string | DbPointLength:0 | DbLength:32
2021-01-01 18:54:31.175 [http-nio-8080-exec-1] INFO  org.jeecg.modules.online.config.b.c:375 - getColumnMetadataFormCgForm ----> DbFieldName: stu_addres | DbType: string | DbPointLength:0 | DbLength:32
2021-01-01 18:54:31.175 [http-nio-8080-exec-1] INFO  org.jeecg.modules.online.config.b.c:375 - getColumnMetadataFormCgForm ----> DbFieldName: sex | DbType: string | DbPointLength:0 | DbLength:2
2021-01-01 18:54:31.175 [http-nio-8080-exec-1] INFO  org.jeecg.modules.online.config.b.c:375 - getColumnMetadataFormCgForm ----> DbFieldName: age | DbType: int | DbPointLength:0 | DbLength:3
2021-01-01 18:54:31.175 [http-nio-8080-exec-1] INFO  org.jeecg.modules.online.config.b.c:375 - getColumnMetadataFormCgForm ----> DbFieldName: tel | DbType: string | DbPointLength:0 | DbLength:32
2021-01-01 18:54:31.176 [http-nio-8080-exec-1] INFO  org.jeecg.modules.online.config.b.c:375 - getColumnMetadataFormCgForm ----> DbFieldName: remark | DbType: string | DbPointLength:0 | DbLength:32
2021-01-01 18:54:31.176 [http-nio-8080-exec-1] INFO  org.jeecg.modules.online.config.b.c:256 -  db update sql : [alter table  student  ADD COLUMN remark varchar(32) NULL COMMENT '备注' ;, , alter table  student  MODIFY COLUMN id varchar(36) NOT NULL COMMENT '主键' ;, , alter table  student  MODIFY COLUMN age int(3) NULL COMMENT '年龄' ;]
2021-01-01 18:54:32.227 [http-nio-8080-exec-1] INFO  org.jeecg.modules.online.cgform.b.a:552 - ==同步数据库消耗时间1161毫秒
2021-01-01 18:54:32.372 [http-nio-8080-exec-3] INFO  org.jeecg.common.system.query.QueryGenerator:458 - --查询规则-->copy_type = 0
2021-01-01 18:56:11.969 [http-nio-8080-exec-9] INFO  org.jeecg.common.system.query.QueryGenerator:458 - --查询规则-->copy_type = 0
2021-01-01 18:56:17.149 [http-nio-8080-exec-1] INFO  org.jeecg.modules.message.websocket.WebSocket:51 - 【websocket消息】连接断开，总数为:0
2021-01-01 18:56:21.876 [http-nio-8080-exec-4] INFO  org.jeecg.modules.message.websocket.WebSocket:42 - 【websocket消息】有新的连接，总数为:1
2021-01-01 18:57:42.628 [background-preinit] INFO  org.hibernate.validator.internal.util.Version:21 - HV000001: Hibernate Validator 6.1.6.Final
2021-01-01 18:57:42.714 [main] INFO  org.jeecg.JeecgSystemApplication:55 - Starting JeecgSystemApplication on LAPTOP-ZKS with PID 15712 (D:\SpringBoot\JeecgBoot\jeecg-boot\jeecg-boot\jeecg-boot-module-system\target\classes started by Lenovo in D:\SpringBoot\JeecgBoot\jeecg-boot\jeecg-boot)
2021-01-01 18:57:42.715 [main] INFO  org.jeecg.JeecgSystemApplication:655 - The following profiles are active: dev
2021-01-01 18:57:45.283 [main] INFO  o.s.d.r.config.RepositoryConfigurationDelegate:249 - Multiple Spring Data modules found, entering strict repository configuration mode!
2021-01-01 18:57:45.287 [main] INFO  o.s.d.r.config.RepositoryConfigurationDelegate:127 - Bootstrapping Spring Data Redis repositories in DEFAULT mode.
2021-01-01 18:57:45.429 [main] INFO  o.s.d.r.config.RepositoryConfigurationDelegate:187 - Finished Spring Data repository scanning in 124ms. Found 0 Redis repository interfaces.
2021-01-01 18:57:45.833 [main] INFO  o.s.c.s.PostProcessorRegistrationDelegate$BeanPostProcessorChecker:335 - Bean 'spring.redis-org.springframework.boot.autoconfigure.data.redis.RedisProperties' of type [org.springframework.boot.autoconfigure.data.redis.RedisProperties] is not eligible for getting processed by all BeanPostProcessors (for example: not eligible for auto-proxying)
2021-01-01 18:57:45.837 [main] INFO  o.s.c.s.PostProcessorRegistrationDelegate$BeanPostProcessorChecker:335 - Bean 'org.springframework.boot.autoconfigure.data.redis.LettuceConnectionConfiguration' of type [org.springframework.boot.autoconfigure.data.redis.LettuceConnectionConfiguration] is not eligible for getting processed by all BeanPostProcessors (for example: not eligible for auto-proxying)
2021-01-01 18:57:45.938 [main] INFO  o.s.c.s.PostProcessorRegistrationDelegate$BeanPostProcessorChecker:335 - Bean 'lettuceClientResources' of type [io.lettuce.core.resource.DefaultClientResources] is not eligible for getting processed by all BeanPostProcessors (for example: not eligible for auto-proxying)
2021-01-01 18:57:46.148 [main] INFO  o.s.c.s.PostProcessorRegistrationDelegate$BeanPostProcessorChecker:335 - Bean 'redisConnectionFactory' of type [org.springframework.data.redis.connection.lettuce.LettuceConnectionFactory] is not eligible for getting processed by all BeanPostProcessors (for example: not eligible for auto-proxying)
2021-01-01 18:57:46.152 [main] INFO  o.s.c.s.PostProcessorRegistrationDelegate$BeanPostProcessorChecker:335 - Bean 'shiroConfig' of type [org.jeecg.config.shiro.ShiroConfig$$EnhancerBySpringCGLIB$$eb223da1] is not eligible for getting processed by all BeanPostProcessors (for example: not eligible for auto-proxying)
2021-01-01 18:57:46.191 [main] INFO  o.s.c.s.PostProcessorRegistrationDelegate$BeanPostProcessorChecker:335 - Bean 'shiroRealm' of type [org.jeecg.config.shiro.ShiroRealm] is not eligible for getting processed by all BeanPostProcessors (for example: not eligible for auto-proxying)
2021-01-01 18:57:47.208 [main] INFO  org.jeecg.config.shiro.ShiroConfig:207 - ===============(1)创建缓存管理器RedisCacheManager
2021-01-01 18:57:47.211 [main] INFO  org.jeecg.config.shiro.ShiroConfig:225 - ===============(2)创建RedisManager,连接Redis..
2021-01-01 18:57:47.215 [main] INFO  o.s.c.s.PostProcessorRegistrationDelegate$BeanPostProcessorChecker:335 - Bean 'redisManager' of type [org.crazycake.shiro.RedisManager] is not eligible for getting processed by all BeanPostProcessors (for example: not eligible for auto-proxying)
2021-01-01 18:57:47.220 [main] INFO  o.s.c.s.PostProcessorRegistrationDelegate$BeanPostProcessorChecker:335 - Bean 'securityManager' of type [org.apache.shiro.web.mgt.DefaultWebSecurityManager] is not eligible for getting processed by all BeanPostProcessors (for example: not eligible for auto-proxying)
2021-01-01 18:57:47.256 [main] INFO  o.s.c.s.PostProcessorRegistrationDelegate$BeanPostProcessorChecker:335 - Bean 'authorizationAttributeSourceAdvisor' of type [org.apache.shiro.spring.security.interceptor.AuthorizationAttributeSourceAdvisor] is not eligible for getting processed by all BeanPostProcessors (for example: not eligible for auto-proxying)
2021-01-01 18:57:47.476 [main] INFO  o.s.c.s.PostProcessorRegistrationDelegate$BeanPostProcessorChecker:335 - Bean 'spring.datasource.dynamic-com.baomidou.dynamic.datasource.spring.boot.autoconfigure.DynamicDataSourceProperties' of type [com.baomidou.dynamic.datasource.spring.boot.autoconfigure.DynamicDataSourceProperties] is not eligible for getting processed by all BeanPostProcessors (for example: not eligible for auto-proxying)
2021-01-01 18:57:47.483 [main] INFO  o.s.c.s.PostProcessorRegistrationDelegate$BeanPostProcessorChecker:335 - Bean 'com.baomidou.dynamic.datasource.spring.boot.autoconfigure.DynamicDataSourceAutoConfiguration' of type [com.baomidou.dynamic.datasource.spring.boot.autoconfigure.DynamicDataSourceAutoConfiguration$$EnhancerBySpringCGLIB$$f5746679] is not eligible for getting processed by all BeanPostProcessors (for example: not eligible for auto-proxying)
2021-01-01 18:57:47.491 [main] INFO  o.s.c.s.PostProcessorRegistrationDelegate$BeanPostProcessorChecker:335 - Bean 'dsProcessor' of type [com.baomidou.dynamic.datasource.processor.DsHeaderProcessor] is not eligible for getting processed by all BeanPostProcessors (for example: not eligible for auto-proxying)
2021-01-01 18:57:47.509 [main] INFO  o.s.c.s.PostProcessorRegistrationDelegate$BeanPostProcessorChecker:335 - Bean 'redisConfig' of type [org.jeecg.config.redis.RedisConfig$$EnhancerBySpringCGLIB$$620b2cb5] is not eligible for getting processed by all BeanPostProcessors (for example: not eligible for auto-proxying)
2021-01-01 18:57:47.552 [main] INFO  o.s.c.s.PostProcessorRegistrationDelegate$BeanPostProcessorChecker:335 - Bean 'org.apache.shiro.spring.boot.autoconfigure.ShiroBeanAutoConfiguration' of type [org.apache.shiro.spring.boot.autoconfigure.ShiroBeanAutoConfiguration$$EnhancerBySpringCGLIB$$9efed358] is not eligible for getting processed by all BeanPostProcessors (for example: not eligible for auto-proxying)
2021-01-01 18:57:47.556 [main] INFO  o.s.c.s.PostProcessorRegistrationDelegate$BeanPostProcessorChecker:335 - Bean 'eventBus' of type [org.apache.shiro.event.support.DefaultEventBus] is not eligible for getting processed by all BeanPostProcessors (for example: not eligible for auto-proxying)
2021-01-01 18:57:47.930 [main] INFO  o.s.boot.web.embedded.tomcat.TomcatWebServer:108 - Tomcat initialized with port(s): 8080 (http)
2021-01-01 18:57:47.942 [main] INFO  org.apache.coyote.http11.Http11NioProtocol:173 - Initializing ProtocolHandler ["http-nio-8080"]
2021-01-01 18:57:47.942 [main] INFO  org.apache.catalina.core.StandardService:173 - Starting service [Tomcat]
2021-01-01 18:57:47.943 [main] INFO  org.apache.catalina.core.StandardEngine:173 - Starting Servlet engine: [Apache Tomcat/9.0.37]
2021-01-01 18:57:47.944 [main] INFO  org.apache.catalina.core.AprLifecycleListener:173 - Loaded Apache Tomcat Native library [1.2.24] using APR version [1.7.0].
2021-01-01 18:57:47.945 [main] INFO  org.apache.catalina.core.AprLifecycleListener:173 - APR capabilities: IPv6 [true], sendfile [true], accept filters [false], random [true].
2021-01-01 18:57:47.945 [main] INFO  org.apache.catalina.core.AprLifecycleListener:173 - APR/OpenSSL configuration: useAprConnector [false], useOpenSSL [true]
2021-01-01 18:57:47.949 [main] INFO  org.apache.catalina.core.AprLifecycleListener:173 - OpenSSL successfully initialized [OpenSSL 1.1.1g  21 Apr 2020]
2021-01-01 18:57:48.139 [main] INFO  o.a.c.c.C.[Tomcat].[localhost].[/jeecg-boot]:173 - Initializing Spring embedded WebApplicationContext
2021-01-01 18:57:48.140 [main] INFO  o.s.b.w.s.c.ServletWebServerApplicationContext:285 - Root WebApplicationContext: initialization completed in 5324 ms
2021-01-01 18:57:49.033 [main] INFO  com.alibaba.druid.pool.DruidDataSource:994 - {dataSource-1,master} inited
2021-01-01 18:57:49.034 [main] INFO  c.b.dynamic.datasource.DynamicRoutingDataSource:132 - dynamic-datasource - load a datasource named [master] success
2021-01-01 18:57:49.034 [main] INFO  c.b.dynamic.datasource.DynamicRoutingDataSource:237 - dynamic-datasource initial loaded [1] datasource,primary datasource named [master]
2021-01-01 18:57:52.029 [main] INFO  org.jeecg.config.redis.RedisConfig:66 -  --- redis config init --- 
2021-01-01 18:57:52.671 [main] INFO  org.quartz.impl.StdSchedulerFactory:1220 - Using default implementation for ThreadExecutor
2021-01-01 18:57:52.673 [main] INFO  org.quartz.simpl.SimpleThreadPool:268 - Job execution threads will use class loader of thread: main
2021-01-01 18:57:52.920 [main] INFO  org.quartz.core.SchedulerSignalerImpl:61 - Initialized Scheduler Signaller of type: class org.quartz.core.SchedulerSignalerImpl
2021-01-01 18:57:52.920 [main] INFO  org.quartz.core.QuartzScheduler:229 - Quartz Scheduler v.2.3.2 created.
2021-01-01 18:57:52.925 [main] INFO  o.s.scheduling.quartz.LocalDataSourceJobStore:672 - Using db table-based data access locking (synchronization).
2021-01-01 18:57:52.927 [main] INFO  o.s.scheduling.quartz.LocalDataSourceJobStore:145 - JobStoreCMT initialized.
2021-01-01 18:57:52.929 [main] INFO  org.quartz.core.QuartzScheduler:294 - Scheduler meta-data: Quartz Scheduler (v2.3.2) 'MyScheduler' with instanceId 'LAPTOP-ZKS1609498672672'
  Scheduler class: 'org.quartz.core.QuartzScheduler' - running locally.
  NOT STARTED.
  Currently in standby mode.
  Number of jobs executed: 0
  Using thread pool 'org.quartz.simpl.SimpleThreadPool' - with 10 threads.
  Using job-store 'org.springframework.scheduling.quartz.LocalDataSourceJobStore' - which supports persistence. and is clustered.

2021-01-01 18:57:52.929 [main] INFO  org.quartz.impl.StdSchedulerFactory:1374 - Quartz scheduler 'MyScheduler' initialized from an externally provided properties instance.
2021-01-01 18:57:52.929 [main] INFO  org.quartz.impl.StdSchedulerFactory:1378 - Quartz scheduler version: 2.3.2
2021-01-01 18:57:52.929 [main] INFO  org.quartz.core.QuartzScheduler:2293 - JobFactory set to: org.springframework.scheduling.quartz.SpringBeanJobFactory@af04f09
2021-01-01 18:57:55.386 [main] INFO  o.s.b.actuate.endpoint.web.EndpointLinksResolver:58 - Exposing 2 endpoint(s) beneath base path '/actuator'
2021-01-01 18:57:55.575 [main] INFO  s.d.s.w.PropertySourcedRequestMappingHandlerMapping:69 - Mapped URL path [/v2/api-docs] onto method [springfox.documentation.swagger2.web.Swagger2Controller#getDocumentation(String, HttpServletRequest)]
2021-01-01 18:57:55.848 [main] INFO  o.s.scheduling.concurrent.ThreadPoolTaskExecutor:181 - Initializing ExecutorService 'applicationTaskExecutor'
2021-01-01 18:57:56.482 [main] INFO  org.apache.coyote.http11.Http11NioProtocol:173 - Starting ProtocolHandler ["http-nio-8080"]
2021-01-01 18:57:56.512 [main] INFO  o.s.boot.web.embedded.tomcat.TomcatWebServer:220 - Tomcat started on port(s): 8080 (http) with context path '/jeecg-boot'
2021-01-01 18:57:56.513 [main] INFO  s.d.s.web.plugins.DocumentationPluginsBootstrapper:160 - Context refreshed
2021-01-01 18:57:56.530 [main] INFO  s.d.s.web.plugins.DocumentationPluginsBootstrapper:163 - Found 1 custom documentation plugin(s)
2021-01-01 18:57:56.612 [main] INFO  s.d.spring.web.scanners.ApiListingReferenceScanner:41 - Scanning for api listing references
2021-01-01 18:57:56.644 [http-nio-8080-exec-1] INFO  o.a.c.c.C.[Tomcat].[localhost].[/jeecg-boot]:173 - Initializing Spring DispatcherServlet 'dispatcherServlet'
2021-01-01 18:57:56.644 [http-nio-8080-exec-1] INFO  org.springframework.web.servlet.DispatcherServlet:525 - Initializing Servlet 'dispatcherServlet'
2021-01-01 18:57:56.657 [http-nio-8080-exec-1] INFO  org.springframework.web.servlet.DispatcherServlet:547 - Completed initialization in 13 ms
2021-01-01 18:57:56.790 [http-nio-8080-exec-1] INFO  org.jeecg.modules.message.websocket.WebSocket:42 - 【websocket消息】有新的连接，总数为:1
2021-01-01 18:57:56.867 [main] INFO  s.d.s.w.r.operation.CachingOperationNameGenerator:40 - Generating unique operation named: addUsingPOST_1
2021-01-01 18:57:56.869 [main] INFO  s.d.s.w.r.operation.CachingOperationNameGenerator:40 - Generating unique operation named: deleteUsingDELETE_1
2021-01-01 18:57:56.870 [main] INFO  s.d.s.w.r.operation.CachingOperationNameGenerator:40 - Generating unique operation named: deleteBatchUsingDELETE_1
2021-01-01 18:57:56.872 [main] INFO  s.d.s.w.r.operation.CachingOperationNameGenerator:40 - Generating unique operation named: editUsingPUT_1
2021-01-01 18:57:56.874 [main] INFO  s.d.s.w.r.operation.CachingOperationNameGenerator:40 - Generating unique operation named: queryByIdUsingGET_1
2021-01-01 18:57:56.893 [main] INFO  s.d.s.w.r.operation.CachingOperationNameGenerator:40 - Generating unique operation named: addUsingPOST_2
2021-01-01 18:57:56.897 [main] INFO  s.d.s.w.r.operation.CachingOperationNameGenerator:40 - Generating unique operation named: deleteUsingDELETE_2
2021-01-01 18:57:56.899 [main] INFO  s.d.s.w.r.operation.CachingOperationNameGenerator:40 - Generating unique operation named: deleteBatchUsingDELETE_2
2021-01-01 18:57:56.900 [main] INFO  s.d.s.w.r.operation.CachingOperationNameGenerator:40 - Generating unique operation named: editUsingPUT_2
2021-01-01 18:57:56.903 [main] INFO  s.d.s.w.r.operation.CachingOperationNameGenerator:40 - Generating unique operation named: queryByIdUsingGET_2
2021-01-01 18:57:56.908 [main] INFO  s.d.s.w.r.operation.CachingOperationNameGenerator:40 - Generating unique operation named: queryPageListUsingGET_1
2021-01-01 18:57:56.918 [main] INFO  s.d.s.w.r.operation.CachingOperationNameGenerator:40 - Generating unique operation named: addUsingPOST_3
2021-01-01 18:57:56.920 [main] INFO  s.d.s.w.r.operation.CachingOperationNameGenerator:40 - Generating unique operation named: deleteUsingDELETE_3
2021-01-01 18:57:56.922 [main] INFO  s.d.s.w.r.operation.CachingOperationNameGenerator:40 - Generating unique operation named: deleteBatchUsingDELETE_3
2021-01-01 18:57:56.925 [main] INFO  s.d.s.w.r.operation.CachingOperationNameGenerator:40 - Generating unique operation named: editUsingPUT_3
2021-01-01 18:57:56.927 [main] INFO  s.d.s.w.r.operation.CachingOperationNameGenerator:40 - Generating unique operation named: queryByIdUsingGET_3
2021-01-01 18:57:56.932 [main] INFO  s.d.s.w.r.operation.CachingOperationNameGenerator:40 - Generating unique operation named: queryPageListUsingGET_2
2021-01-01 18:57:56.941 [main] INFO  s.d.s.w.r.operation.CachingOperationNameGenerator:40 - Generating unique operation named: addUsingPOST_4
2021-01-01 18:57:56.943 [main] INFO  s.d.s.w.r.operation.CachingOperationNameGenerator:40 - Generating unique operation named: deleteUsingDELETE_4
2021-01-01 18:57:56.945 [main] INFO  s.d.s.w.r.operation.CachingOperationNameGenerator:40 - Generating unique operation named: deleteBatchUsingDELETE_4
2021-01-01 18:57:56.946 [main] INFO  s.d.s.w.r.operation.CachingOperationNameGenerator:40 - Generating unique operation named: editUsingPUT_4
2021-01-01 18:57:56.947 [main] INFO  s.d.s.w.r.operation.CachingOperationNameGenerator:40 - Generating unique operation named: queryByIdUsingGET_4
2021-01-01 18:57:56.951 [main] INFO  s.d.s.w.r.operation.CachingOperationNameGenerator:40 - Generating unique operation named: queryPageListUsingGET_3
2021-01-01 18:57:56.957 [main] INFO  s.d.s.w.r.operation.CachingOperationNameGenerator:40 - Generating unique operation named: addUsingPOST_5
2021-01-01 18:57:56.959 [main] INFO  s.d.s.w.r.operation.CachingOperationNameGenerator:40 - Generating unique operation named: deleteUsingDELETE_5
2021-01-01 18:57:56.960 [main] INFO  s.d.s.w.r.operation.CachingOperationNameGenerator:40 - Generating unique operation named: deleteBatchUsingDELETE_5
2021-01-01 18:57:56.962 [main] INFO  s.d.s.w.r.operation.CachingOperationNameGenerator:40 - Generating unique operation named: editUsingPUT_5
2021-01-01 18:57:56.963 [main] INFO  s.d.s.w.r.operation.CachingOperationNameGenerator:40 - Generating unique operation named: queryByIdUsingGET_5
2021-01-01 18:57:56.967 [main] INFO  s.d.s.w.r.operation.CachingOperationNameGenerator:40 - Generating unique operation named: queryPageListUsingGET_4
2021-01-01 18:57:56.974 [main] INFO  s.d.s.w.r.operation.CachingOperationNameGenerator:40 - Generating unique operation named: addUsingPOST_6
2021-01-01 18:57:56.976 [main] INFO  s.d.s.w.r.operation.CachingOperationNameGenerator:40 - Generating unique operation named: deleteUsingDELETE_6
2021-01-01 18:57:56.979 [main] INFO  s.d.s.w.r.operation.CachingOperationNameGenerator:40 - Generating unique operation named: deleteBatchUsingDELETE_6
2021-01-01 18:57:56.980 [main] INFO  s.d.s.w.r.operation.CachingOperationNameGenerator:40 - Generating unique operation named: editUsingPUT_6
2021-01-01 18:57:56.982 [main] INFO  s.d.s.w.r.operation.CachingOperationNameGenerator:40 - Generating unique operation named: queryByIdUsingGET_6
2021-01-01 18:57:56.988 [main] INFO  s.d.s.w.r.operation.CachingOperationNameGenerator:40 - Generating unique operation named: queryPageListUsingGET_5
2021-01-01 18:57:57.007 [main] INFO  s.d.s.w.r.operation.CachingOperationNameGenerator:40 - Generating unique operation named: addUsingPOST_7
2021-01-01 18:57:57.013 [main] INFO  s.d.s.w.r.operation.CachingOperationNameGenerator:40 - Generating unique operation named: deleteUsingDELETE_7
2021-01-01 18:57:57.017 [main] INFO  s.d.s.w.r.operation.CachingOperationNameGenerator:40 - Generating unique operation named: deleteBatchUsingDELETE_7
2021-01-01 18:57:57.020 [main] INFO  s.d.s.w.r.operation.CachingOperationNameGenerator:40 - Generating unique operation named: editUsingPUT_7
2021-01-01 18:57:57.024 [main] INFO  s.d.s.w.r.operation.CachingOperationNameGenerator:40 - Generating unique operation named: queryByIdUsingGET_7
2021-01-01 18:57:57.035 [main] INFO  s.d.s.w.r.operation.CachingOperationNameGenerator:40 - Generating unique operation named: queryPageListUsingGET_6
2021-01-01 18:57:57.051 [main] INFO  o.s.scheduling.quartz.SchedulerFactoryBean:727 - Starting Quartz Scheduler now
2021-01-01 18:57:57.308 [main] INFO  o.s.scheduling.quartz.LocalDataSourceJobStore:3644 - ClusterManager: detected 1 failed or restarted instances.
2021-01-01 18:57:57.308 [main] INFO  o.s.scheduling.quartz.LocalDataSourceJobStore:3503 - ClusterManager: Scanning for instance "LAPTOP-ZKS1609498270044"'s failed in-progress jobs.
2021-01-01 18:57:57.474 [main] INFO  org.quartz.core.QuartzScheduler:547 - Scheduler MyScheduler_$_LAPTOP-ZKS1609498672672 started.
2021-01-01 18:57:57.512 [main] INFO  org.jeecg.JeecgSystemApplication:61 - Started JeecgSystemApplication in 16.078 seconds (JVM running for 17.09)
2021-01-01 18:57:57.523 [main] INFO  org.jeecg.modules.init.SystemInitListener:27 -  服务已启动，准备初始化路由配置 ###################
2021-01-01 18:57:58.851 [main] INFO  org.jeecg.JeecgSystemApplication:39 - 
----------------------------------------------------------
	Application Jeecg-Boot is running! Access URLs:
	Local: 		http://localhost:8080/jeecg-boot/
	External: 	http://192.168.2.1:8080/jeecg-boot/
	Swagger文档: 	http://192.168.2.1:8080/jeecg-boot/doc.html
----------------------------------------------------------
2021-01-01 18:58:09.117 [http-nio-8080-exec-3] INFO  org.jeecg.modules.message.websocket.WebSocket:51 - 【websocket消息】连接断开，总数为:0
2021-01-01 18:58:13.951 [http-nio-8080-exec-6] INFO  org.jeecg.modules.message.websocket.WebSocket:42 - 【websocket消息】有新的连接，总数为:1
2021-01-01 18:59:28.331 [http-nio-8080-exec-10] INFO  org.jeecg.common.system.query.QueryGenerator:458 - --查询规则-->dict_name = sex
2021-01-01 18:59:32.850 [http-nio-8080-exec-2] INFO  org.jeecg.common.system.query.QueryGenerator:458 - --查询规则-->dict_code = sex
2021-01-01 18:59:34.193 [http-nio-8080-exec-4] INFO  org.jeecg.common.system.query.QueryGenerator:458 - --查询规则-->dict_id = 3d9a351be3436fbefb1307d4cfb49bf2
2021-01-01 19:09:47.147 [http-nio-8080-exec-7] INFO  org.jeecg.modules.message.websocket.WebSocket:51 - 【websocket消息】连接断开，总数为:0
2021-01-01 19:09:51.671 [http-nio-8080-exec-10] INFO  org.jeecg.modules.message.websocket.WebSocket:42 - 【websocket消息】有新的连接，总数为:1
2021-01-01 19:11:48.413 [background-preinit] INFO  org.hibernate.validator.internal.util.Version:21 - HV000001: Hibernate Validator 6.1.6.Final
2021-01-01 19:11:48.472 [main] INFO  org.jeecg.JeecgSystemApplication:55 - Starting JeecgSystemApplication on LAPTOP-ZKS with PID 13304 (D:\SpringBoot\JeecgBoot\jeecg-boot\jeecg-boot\jeecg-boot-module-system\target\classes started by Lenovo in D:\SpringBoot\JeecgBoot\jeecg-boot\jeecg-boot)
2021-01-01 19:11:48.473 [main] INFO  org.jeecg.JeecgSystemApplication:655 - The following profiles are active: dev
2021-01-01 19:11:51.506 [main] INFO  o.s.d.r.config.RepositoryConfigurationDelegate:249 - Multiple Spring Data modules found, entering strict repository configuration mode!
2021-01-01 19:11:51.510 [main] INFO  o.s.d.r.config.RepositoryConfigurationDelegate:127 - Bootstrapping Spring Data Redis repositories in DEFAULT mode.
2021-01-01 19:11:51.655 [main] INFO  o.s.d.r.config.RepositoryConfigurationDelegate:187 - Finished Spring Data repository scanning in 126ms. Found 0 Redis repository interfaces.
2021-01-01 19:11:52.064 [main] INFO  o.s.c.s.PostProcessorRegistrationDelegate$BeanPostProcessorChecker:335 - Bean 'spring.redis-org.springframework.boot.autoconfigure.data.redis.RedisProperties' of type [org.springframework.boot.autoconfigure.data.redis.RedisProperties] is not eligible for getting processed by all BeanPostProcessors (for example: not eligible for auto-proxying)
2021-01-01 19:11:52.068 [main] INFO  o.s.c.s.PostProcessorRegistrationDelegate$BeanPostProcessorChecker:335 - Bean 'org.springframework.boot.autoconfigure.data.redis.LettuceConnectionConfiguration' of type [org.springframework.boot.autoconfigure.data.redis.LettuceConnectionConfiguration] is not eligible for getting processed by all BeanPostProcessors (for example: not eligible for auto-proxying)
2021-01-01 19:11:52.170 [main] INFO  o.s.c.s.PostProcessorRegistrationDelegate$BeanPostProcessorChecker:335 - Bean 'lettuceClientResources' of type [io.lettuce.core.resource.DefaultClientResources] is not eligible for getting processed by all BeanPostProcessors (for example: not eligible for auto-proxying)
2021-01-01 19:11:52.400 [main] INFO  o.s.c.s.PostProcessorRegistrationDelegate$BeanPostProcessorChecker:335 - Bean 'redisConnectionFactory' of type [org.springframework.data.redis.connection.lettuce.LettuceConnectionFactory] is not eligible for getting processed by all BeanPostProcessors (for example: not eligible for auto-proxying)
2021-01-01 19:11:52.420 [main] INFO  o.s.c.s.PostProcessorRegistrationDelegate$BeanPostProcessorChecker:335 - Bean 'shiroConfig' of type [org.jeecg.config.shiro.ShiroConfig$$EnhancerBySpringCGLIB$$eb223da1] is not eligible for getting processed by all BeanPostProcessors (for example: not eligible for auto-proxying)
2021-01-01 19:11:52.469 [main] INFO  o.s.c.s.PostProcessorRegistrationDelegate$BeanPostProcessorChecker:335 - Bean 'shiroRealm' of type [org.jeecg.config.shiro.ShiroRealm] is not eligible for getting processed by all BeanPostProcessors (for example: not eligible for auto-proxying)
2021-01-01 19:11:53.415 [main] INFO  org.jeecg.config.shiro.ShiroConfig:207 - ===============(1)创建缓存管理器RedisCacheManager
2021-01-01 19:11:53.417 [main] INFO  org.jeecg.config.shiro.ShiroConfig:225 - ===============(2)创建RedisManager,连接Redis..
2021-01-01 19:11:53.420 [main] INFO  o.s.c.s.PostProcessorRegistrationDelegate$BeanPostProcessorChecker:335 - Bean 'redisManager' of type [org.crazycake.shiro.RedisManager] is not eligible for getting processed by all BeanPostProcessors (for example: not eligible for auto-proxying)
2021-01-01 19:11:53.426 [main] INFO  o.s.c.s.PostProcessorRegistrationDelegate$BeanPostProcessorChecker:335 - Bean 'securityManager' of type [org.apache.shiro.web.mgt.DefaultWebSecurityManager] is not eligible for getting processed by all BeanPostProcessors (for example: not eligible for auto-proxying)
2021-01-01 19:11:53.462 [main] INFO  o.s.c.s.PostProcessorRegistrationDelegate$BeanPostProcessorChecker:335 - Bean 'authorizationAttributeSourceAdvisor' of type [org.apache.shiro.spring.security.interceptor.AuthorizationAttributeSourceAdvisor] is not eligible for getting processed by all BeanPostProcessors (for example: not eligible for auto-proxying)
2021-01-01 19:11:53.682 [main] INFO  o.s.c.s.PostProcessorRegistrationDelegate$BeanPostProcessorChecker:335 - Bean 'spring.datasource.dynamic-com.baomidou.dynamic.datasource.spring.boot.autoconfigure.DynamicDataSourceProperties' of type [com.baomidou.dynamic.datasource.spring.boot.autoconfigure.DynamicDataSourceProperties] is not eligible for getting processed by all BeanPostProcessors (for example: not eligible for auto-proxying)
2021-01-01 19:11:53.688 [main] INFO  o.s.c.s.PostProcessorRegistrationDelegate$BeanPostProcessorChecker:335 - Bean 'com.baomidou.dynamic.datasource.spring.boot.autoconfigure.DynamicDataSourceAutoConfiguration' of type [com.baomidou.dynamic.datasource.spring.boot.autoconfigure.DynamicDataSourceAutoConfiguration$$EnhancerBySpringCGLIB$$f5746679] is not eligible for getting processed by all BeanPostProcessors (for example: not eligible for auto-proxying)
2021-01-01 19:11:53.696 [main] INFO  o.s.c.s.PostProcessorRegistrationDelegate$BeanPostProcessorChecker:335 - Bean 'dsProcessor' of type [com.baomidou.dynamic.datasource.processor.DsHeaderProcessor] is not eligible for getting processed by all BeanPostProcessors (for example: not eligible for auto-proxying)
2021-01-01 19:11:53.713 [main] INFO  o.s.c.s.PostProcessorRegistrationDelegate$BeanPostProcessorChecker:335 - Bean 'redisConfig' of type [org.jeecg.config.redis.RedisConfig$$EnhancerBySpringCGLIB$$620b2cb5] is not eligible for getting processed by all BeanPostProcessors (for example: not eligible for auto-proxying)
2021-01-01 19:11:53.756 [main] INFO  o.s.c.s.PostProcessorRegistrationDelegate$BeanPostProcessorChecker:335 - Bean 'org.apache.shiro.spring.boot.autoconfigure.ShiroBeanAutoConfiguration' of type [org.apache.shiro.spring.boot.autoconfigure.ShiroBeanAutoConfiguration$$EnhancerBySpringCGLIB$$9efed358] is not eligible for getting processed by all BeanPostProcessors (for example: not eligible for auto-proxying)
2021-01-01 19:11:53.761 [main] INFO  o.s.c.s.PostProcessorRegistrationDelegate$BeanPostProcessorChecker:335 - Bean 'eventBus' of type [org.apache.shiro.event.support.DefaultEventBus] is not eligible for getting processed by all BeanPostProcessors (for example: not eligible for auto-proxying)
2021-01-01 19:11:54.165 [main] INFO  o.s.boot.web.embedded.tomcat.TomcatWebServer:108 - Tomcat initialized with port(s): 8080 (http)
2021-01-01 19:11:54.180 [main] INFO  org.apache.coyote.http11.Http11NioProtocol:173 - Initializing ProtocolHandler ["http-nio-8080"]
2021-01-01 19:11:54.181 [main] INFO  org.apache.catalina.core.StandardService:173 - Starting service [Tomcat]
2021-01-01 19:11:54.181 [main] INFO  org.apache.catalina.core.StandardEngine:173 - Starting Servlet engine: [Apache Tomcat/9.0.37]
2021-01-01 19:11:54.184 [main] INFO  org.apache.catalina.core.AprLifecycleListener:173 - Loaded Apache Tomcat Native library [1.2.24] using APR version [1.7.0].
2021-01-01 19:11:54.185 [main] INFO  org.apache.catalina.core.AprLifecycleListener:173 - APR capabilities: IPv6 [true], sendfile [true], accept filters [false], random [true].
2021-01-01 19:11:54.185 [main] INFO  org.apache.catalina.core.AprLifecycleListener:173 - APR/OpenSSL configuration: useAprConnector [false], useOpenSSL [true]
2021-01-01 19:11:54.190 [main] INFO  org.apache.catalina.core.AprLifecycleListener:173 - OpenSSL successfully initialized [OpenSSL 1.1.1g  21 Apr 2020]
2021-01-01 19:11:54.400 [main] INFO  o.a.c.c.C.[Tomcat].[localhost].[/jeecg-boot]:173 - Initializing Spring embedded WebApplicationContext
2021-01-01 19:11:54.401 [main] INFO  o.s.b.w.s.c.ServletWebServerApplicationContext:285 - Root WebApplicationContext: initialization completed in 5848 ms
2021-01-01 19:11:55.285 [main] INFO  com.alibaba.druid.pool.DruidDataSource:994 - {dataSource-1,master} inited
2021-01-01 19:11:55.286 [main] INFO  c.b.dynamic.datasource.DynamicRoutingDataSource:132 - dynamic-datasource - load a datasource named [master] success
2021-01-01 19:11:55.287 [main] INFO  c.b.dynamic.datasource.DynamicRoutingDataSource:237 - dynamic-datasource initial loaded [1] datasource,primary datasource named [master]
2021-01-01 19:11:58.166 [main] INFO  org.jeecg.config.redis.RedisConfig:66 -  --- redis config init --- 
2021-01-01 19:11:58.759 [main] INFO  org.quartz.impl.StdSchedulerFactory:1220 - Using default implementation for ThreadExecutor
2021-01-01 19:11:58.761 [main] INFO  org.quartz.simpl.SimpleThreadPool:268 - Job execution threads will use class loader of thread: main
2021-01-01 19:11:58.989 [main] INFO  org.quartz.core.SchedulerSignalerImpl:61 - Initialized Scheduler Signaller of type: class org.quartz.core.SchedulerSignalerImpl
2021-01-01 19:11:58.990 [main] INFO  org.quartz.core.QuartzScheduler:229 - Quartz Scheduler v.2.3.2 created.
2021-01-01 19:11:58.994 [main] INFO  o.s.scheduling.quartz.LocalDataSourceJobStore:672 - Using db table-based data access locking (synchronization).
2021-01-01 19:11:58.996 [main] INFO  o.s.scheduling.quartz.LocalDataSourceJobStore:145 - JobStoreCMT initialized.
2021-01-01 19:11:58.997 [main] INFO  org.quartz.core.QuartzScheduler:294 - Scheduler meta-data: Quartz Scheduler (v2.3.2) 'MyScheduler' with instanceId 'LAPTOP-ZKS1609499518760'
  Scheduler class: 'org.quartz.core.QuartzScheduler' - running locally.
  NOT STARTED.
  Currently in standby mode.
  Number of jobs executed: 0
  Using thread pool 'org.quartz.simpl.SimpleThreadPool' - with 10 threads.
  Using job-store 'org.springframework.scheduling.quartz.LocalDataSourceJobStore' - which supports persistence. and is clustered.

2021-01-01 19:11:58.998 [main] INFO  org.quartz.impl.StdSchedulerFactory:1374 - Quartz scheduler 'MyScheduler' initialized from an externally provided properties instance.
2021-01-01 19:11:58.998 [main] INFO  org.quartz.impl.StdSchedulerFactory:1378 - Quartz scheduler version: 2.3.2
2021-01-01 19:11:58.998 [main] INFO  org.quartz.core.QuartzScheduler:2293 - JobFactory set to: org.springframework.scheduling.quartz.SpringBeanJobFactory@667dd150
2021-01-01 19:12:01.457 [main] INFO  o.s.b.actuate.endpoint.web.EndpointLinksResolver:58 - Exposing 2 endpoint(s) beneath base path '/actuator'
2021-01-01 19:12:01.624 [main] INFO  s.d.s.w.PropertySourcedRequestMappingHandlerMapping:69 - Mapped URL path [/v2/api-docs] onto method [springfox.documentation.swagger2.web.Swagger2Controller#getDocumentation(String, HttpServletRequest)]
2021-01-01 19:12:01.873 [main] INFO  o.s.scheduling.concurrent.ThreadPoolTaskExecutor:181 - Initializing ExecutorService 'applicationTaskExecutor'
2021-01-01 19:12:02.410 [main] INFO  org.apache.coyote.http11.Http11NioProtocol:173 - Starting ProtocolHandler ["http-nio-8080"]
2021-01-01 19:12:02.435 [main] INFO  o.s.boot.web.embedded.tomcat.TomcatWebServer:220 - Tomcat started on port(s): 8080 (http) with context path '/jeecg-boot'
2021-01-01 19:12:02.437 [main] INFO  s.d.s.web.plugins.DocumentationPluginsBootstrapper:160 - Context refreshed
2021-01-01 19:12:02.451 [main] INFO  s.d.s.web.plugins.DocumentationPluginsBootstrapper:163 - Found 1 custom documentation plugin(s)
2021-01-01 19:12:02.523 [main] INFO  s.d.spring.web.scanners.ApiListingReferenceScanner:41 - Scanning for api listing references
2021-01-01 19:12:02.749 [main] INFO  s.d.s.w.r.operation.CachingOperationNameGenerator:40 - Generating unique operation named: addUsingPOST_1
2021-01-01 19:12:02.751 [main] INFO  s.d.s.w.r.operation.CachingOperationNameGenerator:40 - Generating unique operation named: deleteUsingDELETE_1
2021-01-01 19:12:02.753 [main] INFO  s.d.s.w.r.operation.CachingOperationNameGenerator:40 - Generating unique operation named: deleteBatchUsingDELETE_1
2021-01-01 19:12:02.755 [main] INFO  s.d.s.w.r.operation.CachingOperationNameGenerator:40 - Generating unique operation named: editUsingPUT_1
2021-01-01 19:12:02.756 [main] INFO  s.d.s.w.r.operation.CachingOperationNameGenerator:40 - Generating unique operation named: queryByIdUsingGET_1
2021-01-01 19:12:02.769 [main] INFO  s.d.s.w.r.operation.CachingOperationNameGenerator:40 - Generating unique operation named: addUsingPOST_2
2021-01-01 19:12:02.771 [main] INFO  s.d.s.w.r.operation.CachingOperationNameGenerator:40 - Generating unique operation named: deleteUsingDELETE_2
2021-01-01 19:12:02.773 [main] INFO  s.d.s.w.r.operation.CachingOperationNameGenerator:40 - Generating unique operation named: deleteBatchUsingDELETE_2
2021-01-01 19:12:02.775 [main] INFO  s.d.s.w.r.operation.CachingOperationNameGenerator:40 - Generating unique operation named: editUsingPUT_2
2021-01-01 19:12:02.777 [main] INFO  s.d.s.w.r.operation.CachingOperationNameGenerator:40 - Generating unique operation named: queryByIdUsingGET_2
2021-01-01 19:12:02.782 [main] INFO  s.d.s.w.r.operation.CachingOperationNameGenerator:40 - Generating unique operation named: queryPageListUsingGET_1
2021-01-01 19:12:02.789 [main] INFO  s.d.s.w.r.operation.CachingOperationNameGenerator:40 - Generating unique operation named: addUsingPOST_3
2021-01-01 19:12:02.791 [main] INFO  s.d.s.w.r.operation.CachingOperationNameGenerator:40 - Generating unique operation named: deleteUsingDELETE_3
2021-01-01 19:12:02.792 [main] INFO  s.d.s.w.r.operation.CachingOperationNameGenerator:40 - Generating unique operation named: deleteBatchUsingDELETE_3
2021-01-01 19:12:02.794 [main] INFO  s.d.s.w.r.operation.CachingOperationNameGenerator:40 - Generating unique operation named: editUsingPUT_3
2021-01-01 19:12:02.795 [main] INFO  s.d.s.w.r.operation.CachingOperationNameGenerator:40 - Generating unique operation named: queryByIdUsingGET_3
2021-01-01 19:12:02.800 [main] INFO  s.d.s.w.r.operation.CachingOperationNameGenerator:40 - Generating unique operation named: queryPageListUsingGET_2
2021-01-01 19:12:02.806 [main] INFO  s.d.s.w.r.operation.CachingOperationNameGenerator:40 - Generating unique operation named: addUsingPOST_4
2021-01-01 19:12:02.806 [main] INFO  s.d.s.w.r.operation.CachingOperationNameGenerator:40 - Generating unique operation named: deleteUsingDELETE_4
2021-01-01 19:12:02.807 [main] INFO  s.d.s.w.r.operation.CachingOperationNameGenerator:40 - Generating unique operation named: deleteBatchUsingDELETE_4
2021-01-01 19:12:02.809 [main] INFO  s.d.s.w.r.operation.CachingOperationNameGenerator:40 - Generating unique operation named: editUsingPUT_4
2021-01-01 19:12:02.810 [main] INFO  s.d.s.w.r.operation.CachingOperationNameGenerator:40 - Generating unique operation named: queryByIdUsingGET_4
2021-01-01 19:12:02.814 [main] INFO  s.d.s.w.r.operation.CachingOperationNameGenerator:40 - Generating unique operation named: queryPageListUsingGET_3
2021-01-01 19:12:02.821 [main] INFO  s.d.s.w.r.operation.CachingOperationNameGenerator:40 - Generating unique operation named: addUsingPOST_5
2021-01-01 19:12:02.822 [main] INFO  s.d.s.w.r.operation.CachingOperationNameGenerator:40 - Generating unique operation named: deleteUsingDELETE_5
2021-01-01 19:12:02.823 [main] INFO  s.d.s.w.r.operation.CachingOperationNameGenerator:40 - Generating unique operation named: deleteBatchUsingDELETE_5
2021-01-01 19:12:02.825 [main] INFO  s.d.s.w.r.operation.CachingOperationNameGenerator:40 - Generating unique operation named: editUsingPUT_5
2021-01-01 19:12:02.826 [main] INFO  s.d.s.w.r.operation.CachingOperationNameGenerator:40 - Generating unique operation named: queryByIdUsingGET_5
2021-01-01 19:12:02.831 [main] INFO  s.d.s.w.r.operation.CachingOperationNameGenerator:40 - Generating unique operation named: queryPageListUsingGET_4
2021-01-01 19:12:02.837 [main] INFO  s.d.s.w.r.operation.CachingOperationNameGenerator:40 - Generating unique operation named: addUsingPOST_6
2021-01-01 19:12:02.838 [main] INFO  s.d.s.w.r.operation.CachingOperationNameGenerator:40 - Generating unique operation named: deleteUsingDELETE_6
2021-01-01 19:12:02.839 [main] INFO  s.d.s.w.r.operation.CachingOperationNameGenerator:40 - Generating unique operation named: deleteBatchUsingDELETE_6
2021-01-01 19:12:02.841 [main] INFO  s.d.s.w.r.operation.CachingOperationNameGenerator:40 - Generating unique operation named: editUsingPUT_6
2021-01-01 19:12:02.842 [main] INFO  s.d.s.w.r.operation.CachingOperationNameGenerator:40 - Generating unique operation named: queryByIdUsingGET_6
2021-01-01 19:12:02.846 [main] INFO  s.d.s.w.r.operation.CachingOperationNameGenerator:40 - Generating unique operation named: queryPageListUsingGET_5
2021-01-01 19:12:02.856 [main] INFO  s.d.s.w.r.operation.CachingOperationNameGenerator:40 - Generating unique operation named: addUsingPOST_7
2021-01-01 19:12:02.858 [main] INFO  s.d.s.w.r.operation.CachingOperationNameGenerator:40 - Generating unique operation named: deleteUsingDELETE_7
2021-01-01 19:12:02.859 [main] INFO  s.d.s.w.r.operation.CachingOperationNameGenerator:40 - Generating unique operation named: deleteBatchUsingDELETE_7
2021-01-01 19:12:02.861 [main] INFO  s.d.s.w.r.operation.CachingOperationNameGenerator:40 - Generating unique operation named: editUsingPUT_7
2021-01-01 19:12:02.864 [main] INFO  s.d.s.w.r.operation.CachingOperationNameGenerator:40 - Generating unique operation named: queryByIdUsingGET_7
2021-01-01 19:12:02.872 [main] INFO  s.d.s.w.r.operation.CachingOperationNameGenerator:40 - Generating unique operation named: queryPageListUsingGET_6
2021-01-01 19:12:02.883 [main] INFO  o.s.scheduling.quartz.SchedulerFactoryBean:727 - Starting Quartz Scheduler now
2021-01-01 19:12:03.038 [http-nio-8080-exec-1] INFO  o.a.c.c.C.[Tomcat].[localhost].[/jeecg-boot]:173 - Initializing Spring DispatcherServlet 'dispatcherServlet'
2021-01-01 19:12:03.038 [http-nio-8080-exec-1] INFO  org.springframework.web.servlet.DispatcherServlet:525 - Initializing Servlet 'dispatcherServlet'
2021-01-01 19:12:03.055 [http-nio-8080-exec-1] INFO  org.springframework.web.servlet.DispatcherServlet:547 - Completed initialization in 16 ms
2021-01-01 19:12:03.060 [main] INFO  o.s.scheduling.quartz.LocalDataSourceJobStore:3644 - ClusterManager: detected 1 failed or restarted instances.
2021-01-01 19:12:03.060 [main] INFO  o.s.scheduling.quartz.LocalDataSourceJobStore:3503 - ClusterManager: Scanning for instance "LAPTOP-ZKS1609498672672"'s failed in-progress jobs.
2021-01-01 19:12:03.162 [http-nio-8080-exec-1] INFO  org.jeecg.modules.message.websocket.WebSocket:42 - 【websocket消息】有新的连接，总数为:1
2021-01-01 19:12:03.192 [main] INFO  org.quartz.core.QuartzScheduler:547 - Scheduler MyScheduler_$_LAPTOP-ZKS1609499518760 started.
2021-01-01 19:12:03.208 [main] INFO  org.jeecg.JeecgSystemApplication:61 - Started JeecgSystemApplication in 15.971 seconds (JVM running for 16.937)
2021-01-01 19:12:03.215 [main] INFO  org.jeecg.modules.init.SystemInitListener:27 -  服务已启动，准备初始化路由配置 ###################
2021-01-01 19:12:04.453 [main] INFO  org.jeecg.JeecgSystemApplication:39 - 
----------------------------------------------------------
	Application Jeecg-Boot is running! Access URLs:
	Local: 		http://localhost:8080/jeecg-boot/
	External: 	http://192.168.2.1:8080/jeecg-boot/
	Swagger文档: 	http://192.168.2.1:8080/jeecg-boot/doc.html
----------------------------------------------------------
2021-01-01 19:14:24.097 [http-nio-8080-exec-10] INFO  o.j.modules.system.controller.SysDictController:122 -  dictCode : undefined
2021-01-01 19:14:24.120 [http-nio-8080-exec-10] INFO  o.j.modules.system.controller.SysDictController:155 - Result(success=true, message=操作成功！, code=0, result=[], timestamp=1609499664100, onlTable=null)
2021-01-01 19:14:58.785 [http-nio-8080-exec-8] INFO  o.j.modules.system.controller.SysDictController:122 -  dictCode : undefined
2021-01-01 19:14:58.787 [http-nio-8080-exec-8] INFO  o.j.modules.system.controller.SysDictController:155 - Result(success=true, message=操作成功！, code=0, result=[], timestamp=1609499698785, onlTable=null)
2021-01-01 19:15:33.352 [http-nio-8080-exec-6] INFO  o.j.modules.system.controller.SysDictController:122 -  dictCode : undefined
2021-01-01 19:15:33.355 [http-nio-8080-exec-6] INFO  o.j.modules.system.controller.SysDictController:155 - Result(success=true, message=操作成功！, code=0, result=[], timestamp=1609499733353, onlTable=null)
2021-01-01 19:15:35.738 [http-nio-8080-exec-7] INFO  org.jeecg.modules.message.websocket.WebSocket:51 - 【websocket消息】连接断开，总数为:0
2021-01-01 19:15:40.116 [http-nio-8080-exec-9] INFO  org.jeecg.modules.message.websocket.WebSocket:42 - 【websocket消息】有新的连接，总数为:1
2021-01-01 19:15:53.018 [http-nio-8080-exec-6] INFO  o.j.modules.system.controller.SysDictController:122 -  dictCode : undefined
2021-01-01 19:15:53.022 [http-nio-8080-exec-6] INFO  o.j.modules.system.controller.SysDictController:155 - Result(success=true, message=操作成功！, code=0, result=[], timestamp=1609499753020, onlTable=null)
2021-01-01 19:18:12.834 [lettuce-nioEventLoop-4-1] INFO  io.lettuce.core.protocol.CommandHandler:217 - null Unexpected exception during request: java.io.IOException: 远程主机强迫关闭了一个现有的连接。
java.io.IOException: 远程主机强迫关闭了一个现有的连接。
	at sun.nio.ch.SocketDispatcher.read0(Native Method)
	at sun.nio.ch.SocketDispatcher.read(SocketDispatcher.java:43)
	at sun.nio.ch.IOUtil.readIntoNativeBuffer(IOUtil.java:223)
	at sun.nio.ch.IOUtil.read(IOUtil.java:192)
	at sun.nio.ch.SocketChannelImpl.read(SocketChannelImpl.java:380)
	at io.netty.buffer.PooledByteBuf.setBytes(PooledByteBuf.java:253)
	at io.netty.buffer.AbstractByteBuf.writeBytes(AbstractByteBuf.java:1134)
	at io.netty.channel.socket.nio.NioSocketChannel.doReadBytes(NioSocketChannel.java:350)
	at io.netty.channel.nio.AbstractNioByteChannel$NioByteUnsafe.read(AbstractNioByteChannel.java:151)
	at io.netty.channel.nio.NioEventLoop.processSelectedKey(NioEventLoop.java:714)
	at io.netty.channel.nio.NioEventLoop.processSelectedKeysOptimized(NioEventLoop.java:650)
	at io.netty.channel.nio.NioEventLoop.processSelectedKeys(NioEventLoop.java:576)
	at io.netty.channel.nio.NioEventLoop.run(NioEventLoop.java:493)
	at io.netty.util.concurrent.SingleThreadEventExecutor$4.run(SingleThreadEventExecutor.java:989)
	at io.netty.util.internal.ThreadExecutorMap$2.run(ThreadExecutorMap.java:74)
	at io.netty.util.concurrent.FastThreadLocalRunnable.run(FastThreadLocalRunnable.java:30)
	at java.lang.Thread.run(Thread.java:748)
2021-01-01 19:18:12.950 [lettuce-eventExecutorLoop-1-4] INFO  io.lettuce.core.protocol.ConnectionWatchdog:171 - Reconnecting, last destination was /127.0.0.1:6379
2021-01-01 19:18:14.966 [lettuce-nioEventLoop-4-2] WARN  io.lettuce.core.protocol.ConnectionWatchdog:151 - Cannot reconnect to [127.0.0.1:6379]: Connection refused: no further information: /127.0.0.1:6379
